Starting enum4linux v0.8.9 ( http://labs.portcullis.co.uk/application/enum4linux/ ) on Sat May 23 10:58:06 2020

 ========================== 
|    Target Information    |
 ========================== 
Target ........... 10.10.76.129
RID Range ........ 500-550,1000-1050
Username ......... ''
Password ......... ''
Known Usernames .. administrator, guest, krbtgt, domain admins, root, bin, none


 ==================================================== 
|    Enumerating Workgroup/Domain on 10.10.76.129    |
 ==================================================== 
[+] Got domain/workgroup name: WORKGROUP

 ============================================ 
|    Nbtstat Information for 10.10.76.129    |
 ============================================ 
Can't load /etc/samba/smb.conf - run testparm to debug it
Looking up status of 10.10.76.129
	BASIC2          <00> -         B <ACTIVE>  Workstation Service
	BASIC2          <03> -         B <ACTIVE>  Messenger Service
	BASIC2          <20> -         B <ACTIVE>  File Server Service
	..__MSBROWSE__. <01> - <GROUP> B <ACTIVE>  Master Browser
	WORKGROUP       <00> - <GROUP> B <ACTIVE>  Domain/Workgroup Name
	WORKGROUP       <1d> -         B <ACTIVE>  Master Browser
	WORKGROUP       <1e> - <GROUP> B <ACTIVE>  Browser Service Elections

	MAC Address = 00-00-00-00-00-00

 ===================================== 
|    Session Check on 10.10.76.129    |
 ===================================== 
[+] Server 10.10.76.129 allows sessions using username '', password ''

 =========================================== 
|    Getting domain SID for 10.10.76.129    |
 =========================================== 
rpcclient: Can't load /etc/samba/smb.conf - run testparm to debug it
[+] Can't determine if host is part of domain or part of a workgroup

 ====================================== 
|    OS information on 10.10.76.129    |
 ====================================== 
[+] Got OS info for 10.10.76.129 from smbclient: 
[+] Got OS info for 10.10.76.129 from srvinfo:
rpcclient: Can't load /etc/samba/smb.conf - run testparm to debug it

 ============================= 
|    Users on 10.10.76.129    |
 ============================= 


 ========================================= 
|    Share Enumeration on 10.10.76.129    |
 ========================================= 
smbclient: Can't load /etc/samba/smb.conf - run testparm to debug it

	Sharename       Type      Comment
	---------       ----      -------
	Anonymous       Disk      
	IPC$            IPC       IPC Service (Samba Server 4.3.11-Ubuntu)
SMB1 disabled -- no workgroup available

[+] Attempting to map shares on 10.10.76.129
//10.10.76.129/Anonymous	Mapping: OK, Listing: OK
//10.10.76.129/IPC$	[E] Can't understand response:
smbclient: Can't load /etc/samba/smb.conf - run testparm to debug it
NT_STATUS_OBJECT_NAME_NOT_FOUND listing \*

 ==================================================== 
|    Password Policy Information for 10.10.76.129    |
 ==================================================== 


[+] Attaching to 10.10.76.129 using a NULL share

[+] Trying protocol 139/SMB...

[+] Found domain(s):

	[+] BASIC2
	[+] Builtin

[+] Password Info for Domain: BASIC2

	[+] Minimum password length: 5
	[+] Password history length: None
	[+] Maximum password age: 37 days 6 hours 21 minutes 
	[+] Password Complexity Flags: 000000

		[+] Domain Refuse Password Change: 0
		[+] Domain Password Store Cleartext: 0
		[+] Domain Password Lockout Admins: 0
		[+] Domain Password No Clear Change: 0
		[+] Domain Password No Anon Change: 0
		[+] Domain Password Complex: 0

	[+] Minimum password age: None
	[+] Reset Account Lockout Counter: 30 minutes 
	[+] Locked Account Duration: 30 minutes 
	[+] Account Lockout Threshold: None
	[+] Forced Log off Time: 37 days 6 hours 21 minutes 


[+] Retieved partial password policy with rpcclient:



 ============================== 
|    Groups on 10.10.76.129    |
 ============================== 

[+] Getting builtin groups:

[+] Getting builtin group memberships:

[+] Getting local groups:

[+] Getting local group memberships:

[+] Getting domain groups:

[+] Getting domain group memberships:

 ======================================================================= 
|    Users on 10.10.76.129 via RID cycling (RIDS: 500-550,1000-1050)    |
 ======================================================================= 

 ============================================= 
|    Getting printer info for 10.10.76.129    |
 ============================================= 
rpcclient: Can't load /etc/samba/smb.conf - run testparm to debug it


enum4linux complete on Sat May 23 10:58:24 2020

